# JRE version: OpenJDK Runtime Environment (21.0.8) (build 21.0.8+-14196175-b1038.72)
# Java VM: OpenJDK 64-Bit Server VM (21.0.8+-14196175-b1038.72, mixed mode, tiered, compressed oops, compressed class ptrs, g1 gc, windows-amd64)
GC Precious Log:
 CardTable entry size: 512
 Card Set container configuration: InlinePtr #cards 5 size 8 Array Of Cards #cards 12 size 40 Howl #buckets 4 coarsen threshold 1843 Howl Bitmap #cards 512 size 80 coarsen threshold 460 Card regions per heap region 1 cards per card region 2048
 CPUs: 12 total, 12 available
 Memory: 16311M
 Large Page Support: Disabled
 NUMA Support: Disabled
 Compressed Oops: Enabled (32-bit)
 Heap Region Size: 1M
 Heap Min Capacity: 8M
 Heap Initial Capacity: 256M
 Heap Max Capacity: 2G
 Pre-touch: Disabled
 Parallel Workers: 10
 Concurrent Workers: 3
 Concurrent Refinement Workers: 10
 Periodic GC: Disabled
Heap:
 garbage-first heap   total 158720K, used 99068K [0x0000000080000000, 0x0000000100000000)
  region size 1024K, 16 young (16384K), 2 survivors (2048K)
 Metaspace       used 91312K, committed 93184K, reserved 1179648K
  class space    used 12616K, committed 13568K, reserved 1048576K
GC Heap History (20 events):
Event: 4.333 GC heap before
{Heap before GC invocations=22 (full 0):
 garbage-first heap   total 82944K, used 71704K [0x0000000080000000, 0x0000000100000000)
  region size 1024K, 27 young (27648K), 4 survivors (4096K)
 Metaspace       used 72486K, committed 74176K, reserved 1114112K
  class space    used 10250K, committed 11072K, reserved 1048576K
}
Event: 4.335 GC heap after
{Heap after GC invocations=23 (full 0):
 garbage-first heap   total 82944K, used 51053K [0x0000000080000000, 0x0000000100000000)
  region size 1024K, 2 young (2048K), 2 survivors (2048K)
 Metaspace       used 72486K, committed 74176K, reserved 1114112K
  class space    used 10250K, committed 11072K, reserved 1048576K
}
Event: 4.388 GC heap before
{Heap before GC invocations=24 (full 0):
 garbage-first heap   total 87040K, used 73581K [0x0000000080000000, 0x0000000100000000)
  region size 1024K, 25 young (25600K), 2 survivors (2048K)
 Metaspace       used 72688K, committed 74368K, reserved 1114112K
  class space    used 10250K, committed 11072K, reserved 1048576K
}
Event: 4.389 GC heap after
{Heap after GC invocations=25 (full 0):
 garbage-first heap   total 104448K, used 51492K [0x0000000080000000, 0x0000000100000000)
  region size 1024K, 2 young (2048K), 2 survivors (2048K)
 Metaspace       used 72688K, committed 74368K, reserved 1114112K
  class space    used 10250K, committed 11072K, reserved 1048576K
}
Event: 4.454 GC heap before
{Heap before GC invocations=25 (full 0):
 garbage-first heap   total 104448K, used 94500K [0x0000000080000000, 0x0000000100000000)
  region size 1024K, 45 young (46080K), 2 survivors (2048K)
 Metaspace       used 72808K, committed 74496K, reserved 1114112K
  class space    used 10250K, committed 11072K, reserved 1048576K
}
Event: 4.457 GC heap after
{Heap after GC invocations=26 (full 0):
 garbage-first heap   total 104448K, used 52489K [0x0000000080000000, 0x0000000100000000)
  region size 1024K, 4 young (4096K), 4 survivors (4096K)
 Metaspace       used 72808K, committed 74496K, reserved 1114112K
  class space    used 10250K, committed 11072K, reserved 1048576K
}
Event: 4.558 GC heap before
{Heap before GC invocations=26 (full 0):
 garbage-first heap   total 104448K, used 82185K [0x0000000080000000, 0x0000000100000000)
  region size 1024K, 35 young (35840K), 4 survivors (4096K)
 Metaspace       used 73210K, committed 74880K, reserved 1114112K
  class space    used 10307K, committed 11136K, reserved 1048576K
}
Event: 4.560 GC heap after
{Heap after GC invocations=27 (full 0):
 garbage-first heap   total 104448K, used 55058K [0x0000000080000000, 0x0000000100000000)
  region size 1024K, 6 young (6144K), 6 survivors (6144K)
 Metaspace       used 73210K, committed 74880K, reserved 1114112K
  class space    used 10307K, committed 11136K, reserved 1048576K
}
Event: 4.896 GC heap before
{Heap before GC invocations=28 (full 0):
 garbage-first heap   total 104448K, used 102162K [0x0000000080000000, 0x0000000100000000)
  region size 1024K, 39 young (39936K), 6 survivors (6144K)
 Metaspace       used 75159K, committed 76928K, reserved 1179648K
  class space    used 10536K, committed 11392K, reserved 1048576K
}
Event: 4.899 GC heap after
{Heap after GC invocations=29 (full 0):
 garbage-first heap   total 116736K, used 75351K [0x0000000080000000, 0x0000000100000000)
  region size 1024K, 6 young (6144K), 6 survivors (6144K)
 Metaspace       used 75159K, committed 76928K, reserved 1179648K
  class space    used 10536K, committed 11392K, reserved 1048576K
}
Event: 5.101 GC heap before
{Heap before GC invocations=29 (full 0):
 garbage-first heap   total 116736K, used 101975K [0x0000000080000000, 0x0000000100000000)
  region size 1024K, 33 young (33792K), 6 survivors (6144K)
 Metaspace       used 77895K, committed 79680K, reserved 1179648K
  class space    used 10838K, committed 11712K, reserved 1048576K
}
Event: 5.103 GC heap after
{Heap after GC invocations=30 (full 0):
 garbage-first heap   total 116736K, used 76593K [0x0000000080000000, 0x0000000100000000)
  region size 1024K, 2 young (2048K), 2 survivors (2048K)
 Metaspace       used 77895K, committed 79680K, reserved 1179648K
  class space    used 10838K, committed 11712K, reserved 1048576K
}
Event: 5.297 GC heap before
{Heap before GC invocations=30 (full 0):
 garbage-first heap   total 116736K, used 105265K [0x0000000080000000, 0x0000000100000000)
  region size 1024K, 31 young (31744K), 2 survivors (2048K)
 Metaspace       used 81237K, committed 83072K, reserved 1179648K
  class space    used 11190K, committed 12096K, reserved 1048576K
}
Event: 5.298 GC heap after
{Heap after GC invocations=31 (full 0):
 garbage-first heap   total 116736K, used 77220K [0x0000000080000000, 0x0000000100000000)
  region size 1024K, 2 young (2048K), 2 survivors (2048K)
 Metaspace       used 81237K, committed 83072K, reserved 1179648K
  class space    used 11190K, committed 12096K, reserved 1048576K
}
Event: 5.501 GC heap before
{Heap before GC invocations=32 (full 0):
 garbage-first heap   total 130048K, used 106916K [0x0000000080000000, 0x0000000100000000)
  region size 1024K, 31 young (31744K), 2 survivors (2048K)
 Metaspace       used 84894K, committed 86720K, reserved 1179648K
  class space    used 11752K, committed 12608K, reserved 1048576K
}
Event: 5.503 GC heap after
{Heap after GC invocations=33 (full 0):
 garbage-first heap   total 130048K, used 80272K [0x0000000080000000, 0x0000000100000000)
  region size 1024K, 4 young (4096K), 4 survivors (4096K)
 Metaspace       used 84894K, committed 86720K, reserved 1179648K
  class space    used 11752K, committed 12608K, reserved 1048576K
}
Event: 5.676 GC heap before
{Heap before GC invocations=33 (full 0):
 garbage-first heap   total 130048K, used 120208K [0x0000000080000000, 0x0000000100000000)
  region size 1024K, 40 young (40960K), 4 survivors (4096K)
 Metaspace       used 86933K, committed 88896K, reserved 1179648K
  class space    used 12040K, committed 12992K, reserved 1048576K
}
Event: 5.679 GC heap after
{Heap after GC invocations=34 (full 0):
 garbage-first heap   total 131072K, used 83422K [0x0000000080000000, 0x0000000100000000)
  region size 1024K, 5 young (5120K), 5 survivors (5120K)
 Metaspace       used 86933K, committed 88896K, reserved 1179648K
  class space    used 12040K, committed 12992K, reserved 1048576K
}
Event: 5.884 GC heap before
{Heap before GC invocations=34 (full 0):
 garbage-first heap   total 131072K, used 118238K [0x0000000080000000, 0x0000000100000000)
  region size 1024K, 39 young (39936K), 5 survivors (5120K)
 Metaspace       used 89648K, committed 91584K, reserved 1179648K
  class space    used 12395K, committed 13376K, reserved 1048576K
}
Event: 5.886 GC heap after
{Heap after GC invocations=35 (full 0):
 garbage-first heap   total 158720K, used 85756K [0x0000000080000000, 0x0000000100000000)
  region size 1024K, 2 young (2048K), 2 survivors (2048K)
 Metaspace       used 89648K, committed 91584K, reserved 1179648K
  class space    used 12395K, committed 13376K, reserved 1048576K
}

