# JRE version: OpenJDK Runtime Environment (21.0.8) (build 21.0.8+-14196175-b1038.72)
# Java VM: OpenJDK 64-Bit Server VM (21.0.8+-14196175-b1038.72, mixed mode, tiered, compressed oops, compressed class ptrs, g1 gc, windows-amd64)
GC Precious Log:
 CardTable entry size: 512
 Card Set container configuration: InlinePtr #cards 5 size 8 Array Of Cards #cards 12 size 40 Howl #buckets 4 coarsen threshold 1843 Howl Bitmap #cards 512 size 80 coarsen threshold 460 Card regions per heap region 1 cards per card region 2048
 CPUs: 12 total, 12 available
 Memory: 16311M
 Large Page Support: Disabled
 NUMA Support: Disabled
 Compressed Oops: Enabled (32-bit)
 Heap Region Size: 1M
 Heap Min Capacity: 8M
 Heap Initial Capacity: 256M
 Heap Max Capacity: 2G
 Pre-touch: Disabled
 Parallel Workers: 10
 Concurrent Workers: 3
 Concurrent Refinement Workers: 10
 Periodic GC: Disabled
Heap:
 garbage-first heap   total 112640K, used 78767K [0x0000000080000000, 0x0000000100000000)
  region size 1024K, 5 young (5120K), 2 survivors (2048K)
 Metaspace       used 80866K, committed 82624K, reserved 1179648K
  class space    used 11132K, committed 11968K, reserved 1048576K
GC Heap History (20 events):
Event: 3.506 GC heap before
{Heap before GC invocations=18 (full 0):
 garbage-first heap   total 84992K, used 77283K [0x0000000080000000, 0x0000000100000000)
  region size 1024K, 35 young (35840K), 2 survivors (2048K)
 Metaspace       used 67954K, committed 69568K, reserved 1114112K
  class space    used 9593K, committed 10368K, reserved 1048576K
}
Event: 3.508 GC heap after
{Heap after GC invocations=19 (full 0):
 garbage-first heap   total 84992K, used 44921K [0x0000000080000000, 0x0000000100000000)
  region size 1024K, 4 young (4096K), 4 survivors (4096K)
 Metaspace       used 67954K, committed 69568K, reserved 1114112K
  class space    used 9593K, committed 10368K, reserved 1048576K
}
Event: 3.751 GC heap before
{Heap before GC invocations=19 (full 0):
 garbage-first heap   total 84992K, used 74617K [0x0000000080000000, 0x0000000100000000)
  region size 1024K, 33 young (33792K), 4 survivors (4096K)
 Metaspace       used 71575K, committed 73280K, reserved 1114112K
  class space    used 10189K, committed 11008K, reserved 1048576K
}
Event: 3.753 GC heap after
{Heap after GC invocations=20 (full 0):
 garbage-first heap   total 84992K, used 46566K [0x0000000080000000, 0x0000000100000000)
  region size 1024K, 4 young (4096K), 4 survivors (4096K)
 Metaspace       used 71575K, committed 73280K, reserved 1114112K
  class space    used 10189K, committed 11008K, reserved 1048576K
}
Event: 3.942 GC heap before
{Heap before GC invocations=21 (full 0):
 garbage-first heap   total 84992K, used 73190K [0x0000000080000000, 0x0000000100000000)
  region size 1024K, 31 young (31744K), 4 survivors (4096K)
 Metaspace       used 72275K, committed 73984K, reserved 1114112K
  class space    used 10243K, committed 11072K, reserved 1048576K
}
Event: 3.944 GC heap after
{Heap after GC invocations=22 (full 0):
 garbage-first heap   total 84992K, used 49830K [0x0000000080000000, 0x0000000100000000)
  region size 1024K, 4 young (4096K), 4 survivors (4096K)
 Metaspace       used 72275K, committed 73984K, reserved 1114112K
  class space    used 10243K, committed 11072K, reserved 1048576K
}
Event: 4.009 GC heap before
{Heap before GC invocations=22 (full 0):
 garbage-first heap   total 84992K, used 74406K [0x0000000080000000, 0x0000000100000000)
  region size 1024K, 29 young (29696K), 4 survivors (4096K)
 Metaspace       used 72486K, committed 74240K, reserved 1114112K
  class space    used 10243K, committed 11072K, reserved 1048576K
}
Event: 4.011 GC heap after
{Heap after GC invocations=23 (full 0):
 garbage-first heap   total 102400K, used 51218K [0x0000000080000000, 0x0000000100000000)
  region size 1024K, 2 young (2048K), 2 survivors (2048K)
 Metaspace       used 72486K, committed 74240K, reserved 1114112K
  class space    used 10243K, committed 11072K, reserved 1048576K
}
Event: 4.085 GC heap before
{Heap before GC invocations=23 (full 0):
 garbage-first heap   total 102400K, used 91154K [0x0000000080000000, 0x0000000100000000)
  region size 1024K, 42 young (43008K), 2 survivors (2048K)
 Metaspace       used 72752K, committed 74432K, reserved 1114112K
  class space    used 10243K, committed 11072K, reserved 1048576K
}
Event: 4.086 GC heap after
{Heap after GC invocations=24 (full 0):
 garbage-first heap   total 102400K, used 52169K [0x0000000080000000, 0x0000000100000000)
  region size 1024K, 3 young (3072K), 3 survivors (3072K)
 Metaspace       used 72752K, committed 74432K, reserved 1114112K
  class space    used 10243K, committed 11072K, reserved 1048576K
}
Event: 4.175 GC heap before
{Heap before GC invocations=24 (full 0):
 garbage-first heap   total 102400K, used 92105K [0x0000000080000000, 0x0000000100000000)
  region size 1024K, 43 young (44032K), 3 survivors (3072K)
 Metaspace       used 73014K, committed 74688K, reserved 1114112K
  class space    used 10276K, committed 11072K, reserved 1048576K
}
Event: 4.176 GC heap after
{Heap after GC invocations=25 (full 0):
 garbage-first heap   total 102400K, used 54361K [0x0000000080000000, 0x0000000100000000)
  region size 1024K, 5 young (5120K), 5 survivors (5120K)
 Metaspace       used 73014K, committed 74688K, reserved 1114112K
  class space    used 10276K, committed 11072K, reserved 1048576K
}
Event: 4.221 GC heap before
{Heap before GC invocations=25 (full 0):
 garbage-first heap   total 102400K, used 62553K [0x0000000080000000, 0x0000000100000000)
  region size 1024K, 14 young (14336K), 5 survivors (5120K)
 Metaspace       used 73185K, committed 74944K, reserved 1114112K
  class space    used 10300K, committed 11136K, reserved 1048576K
}
Event: 4.222 GC heap after
{Heap after GC invocations=26 (full 0):
 garbage-first heap   total 102400K, used 55246K [0x0000000080000000, 0x0000000100000000)
  region size 1024K, 4 young (4096K), 4 survivors (4096K)
 Metaspace       used 73185K, committed 74944K, reserved 1114112K
  class space    used 10300K, committed 11136K, reserved 1048576K
}
Event: 4.469 GC heap before
{Heap before GC invocations=27 (full 0):
 garbage-first heap   total 102400K, used 100302K [0x0000000080000000, 0x0000000100000000)
  region size 1024K, 35 young (35840K), 4 survivors (4096K)
 Metaspace       used 74930K, committed 76672K, reserved 1179648K
  class space    used 10507K, committed 11328K, reserved 1048576K
}
Event: 4.471 GC heap after
{Heap after GC invocations=28 (full 0):
 garbage-first heap   total 112640K, used 75508K [0x0000000080000000, 0x0000000100000000)
  region size 1024K, 5 young (5120K), 5 survivors (5120K)
 Metaspace       used 74930K, committed 76672K, reserved 1179648K
  class space    used 10507K, committed 11328K, reserved 1048576K
}
Event: 4.663 GC heap before
{Heap before GC invocations=28 (full 0):
 garbage-first heap   total 112640K, used 100084K [0x0000000080000000, 0x0000000100000000)
  region size 1024K, 30 young (30720K), 5 survivors (5120K)
 Metaspace       used 77394K, committed 79168K, reserved 1179648K
  class space    used 10791K, committed 11648K, reserved 1048576K
}
Event: 4.665 GC heap after
{Heap after GC invocations=29 (full 0):
 garbage-first heap   total 112640K, used 76234K [0x0000000080000000, 0x0000000100000000)
  region size 1024K, 2 young (2048K), 2 survivors (2048K)
 Metaspace       used 77394K, committed 79168K, reserved 1179648K
  class space    used 10791K, committed 11648K, reserved 1048576K
}
Event: 4.833 GC heap before
{Heap before GC invocations=29 (full 0):
 garbage-first heap   total 112640K, used 101834K [0x0000000080000000, 0x0000000100000000)
  region size 1024K, 28 young (28672K), 2 survivors (2048K)
 Metaspace       used 80492K, committed 82304K, reserved 1179648K
  class space    used 11106K, committed 11968K, reserved 1048576K
}
Event: 4.834 GC heap after
{Heap after GC invocations=30 (full 0):
 garbage-first heap   total 112640K, used 76719K [0x0000000080000000, 0x0000000100000000)
  region size 1024K, 2 young (2048K), 2 survivors (2048K)
 Metaspace       used 80492K, committed 82304K, reserved 1179648K
  class space    used 11106K, committed 11968K, reserved 1048576K
}

